CLL/6474a107b97d74576b1e640d31b864afefd9cb0e-4 CLL 9F 01 N05 001.LMD
CLL/58b94f968363b8acde916e40ef770f8c3bdb8f07-PB CLL 9F 01 N10 001.LMD
CLL/63262f002dced950cd5930dcd390dc145a0ba70e-3 CLL 9F 01 N09 001.LMD
CLL/37fa60d14af39909ea0f6b3f45a6e26c397ab0a6-3 CLL 9F 01 N13 001.LMD
CLL/00727238c1f37e073d732dce754537c9e8e4b1c9-4 CLL 9F 01 N13 001.LMD
CLL/c50057e9f5943bfd5a72df067996f3cc5c8b8f8d-4 CLL 9F 01 N07 001.LMD
CLL/164de3bc07afd067bf953ecf8902615a8a131bcc-3 CLL 9F 01 N05 001.LMD
CLL/4b967907136af23edd6cbb892755d31a2e93c65e-4 CLL 9F 01 N12 001.LMD
CLL/d5d1338ae0ddf65c6d2f9be7055543e5800e4266-3 CLL 9F 01 N07 001.LMD
CLL/5370a78b9f93f56c42c2cb2c76b1843cc576fbbb-3 CLL 9F 01 N12 001.LMD
CLL/5289761451489dc314c0ba4c074f809fb60e5fe9-4 CLL 9F 01 N10 001.LMD
CLL/31801f6392483656dbfb9d445d6d0dbbec44ac71-3 CLL 9F 01 N13 001.LMD
CLL/a029931754f2c98b9d741476b1ac7467c84f419e-3 CLL 9F 01 N11 001.LMD
CLL/058d82f84e1ad88c8c8ac8d7c0cd0640cfd343dc-3 CLL 9F 01 N13 001.LMD
CLL/934338cb9f0e365805db466fc79f52c6f4301c31-3 CLL 9F 01 N07 001.LMD
CLL/d08fd09c0c62e8b06c9572eb64872fc6e0f8c30e-1 CLL 9F 01 N11 001.LMD
CLL/d7551afbef113ff15dc2b7f6a9a31b6ec014d6c9-KM CLL 9F 01 N07 001.LMD
CLL/cc736fe4088737a2cb6cc18948de4cbe25ee2510-3 CLL 9F 01 N17 001.LMD
CLL/671c5a362ac8758089572cd92f482f689377ac90-3 CLL 9F 01 N10 001.LMD
CLL/1ebcffa863e01ceb38c24d076119000741c4c4a0-3 CLL 9F 01 N03 001.LMD
CLL/38e0861fda7be897223dd19ed3aa0c4b612a388a-3 CLL 9F 01 N05 001.LMD
CLL/8d4c6d0bb62f428a6a3f56c42f8d68dc06072322-4 CLL 9F 01 N06 001.LMD
CLL/4101f5eba9ba7307273f09c46a9663144f566a6e-3 CLL 9F 01 001.LMD
CLL/b094b3f3316252712ce4d80d0cd8ac05e3ec371b-3 CLL 9F 01 N06 001.LMD
CLL/9c3932692254c4b3a43cbf5e9e4531dfc4d25d3d-3 CLL 9F 01 N08 001.LMD
CLL/8d525a4a49c911b19d3a37538eb8874b6f604ffa-2 CLL 9F 01 N14 001.LMD
CLL/f89df03225f88e0e4f8e1fbc4378144880ac9370-3 CLL 9F 01 N07 001.LMD
CLL/5ee4c2e590b40b9d8680ad76a76c7e16a6dcb666-1 CLL 9F 01 N13 001.LMD
CLL/4fe00cb6781d7f2fb92c938ea57eef87789c4845-4 CLL 9F 01 001.LMD
CLL/6c87a33e427fe9e1afbdad7e81885dc1d77a4731-3 CLL 9F 01 N09 001.LMD
CLL/7cec1f949db6af5211a861147943dbf4b3bf14d4-4 CLL 9F 01 N08 001.LMD
CLL/cc8bd05ae1b35a391e18df5af7ec603bdebb7405-4 CLL 9F 01 N08 001.LMD
CLL/75609c0be84fe8c3281d63c5393281705283c2f0-4 CLL 9F 01 001.LMD
CLL/bda68ee3bfe5da3dac1ec28b119927def7e69e16-3 CLL 9F 01 N12 001.LMD
CLL/e63afc149eec9ab9a947a5495414d87ee8950e48-PB CLL 9F 01 N06 001.LMD
CLL/2d707c8b37c6420e4111688fb9b6edc9bca412c3-4 CLL 9F 01 N12 001.LMD
CLL/9ee1139761772f848e62bad411461f81637a517c-4 CLL 9F 01 N09 001.LMD
CLL/1698d7f639e50ef78ff525138d93a6ca3b682db4-2 CLL 9F 01 N08 001.LMD
CLL/ae6c138038e82a9880674e4a6c8876eb23bee633-3 CLL 9F 01 N10 001.LMD
CLL/ee830e9e0851c829df5b8bd2abdcdcf0f05a140f-3 CLL 9F 01 N13 001.LMD
CLL/43a342d038aad270b7f876d262e4094a66c172c7-4 CLL 9F 01 N06 001.LMD
CLL/fad21c6176224c82c9b10aad214c6eb0cb293f1f-3 CLL 9F 01 N17 001.LMD
CLL/3fe9013dea6fe180c91085aa87ea3e8d6ec0ffcf-4 CLL 9F 01 N08 001.LMD
CLL/47fe1731da602b63b32a208554a13ea7c2e5006d-4 CLL 9F 01 N07 001.LMD
CLL/6192c61d676eaac5051da4149dce8f0c13551472-4 CLL 9F 01 001.LMD
CLL/086624cd85d9c7f12599b8fe3bbf1b39a4fc3c75-4 CLL 9F 01 N13 001.LMD
CLL/34d16b9bcaa62f02796b271f3b95f4736eabdfc5-4 CLL 9F 01 N08 001.LMD
CLL/b857ec300b7834fecf6265657ede685bd63ee473-4 CLL 9F 01 N09 001.LMD
CLL/c31aefdf1077c0fc868bf34ad05854cd00c83f57-3 CLL 9F 01 N08 001.LMD
CLL/275c84aa35826baa3a36b9580c8d07b5b7961a28-3 CLL 9F 01 N10 001.LMD
CLL/3933e7cae12cbf830680d12cfd17e8001a26c958-2 CLL 9F 01 001.LMD
CLL/005dd34daf7947b271940f2b8fde854cfb47bd2f-3 CLL 9F 01 N17 001.LMD
CLL/0c50c6af3f583fa221a4e41e811d86284b10f227-4 CLL 9F 01 N15 001.LMD
CLL/16e48616e71d3b17bb382e9fa095d9b77c52ade9-3 CLL 9F 01 N09 001.LMD
CLL/0d90c47a0f0241d3ce52312f8d686030965b5dd7-4 CLL 9F 01 N09 001.LMD
CLL/68a4b98975bb4b43884641fa5dd4f1a45ab58117-3 CLL 9F 01 N17 001.LMD
CLL/0c72c0ad75edc88f4d020b78fff007e0f2b6d118-3 CLL 9F 01 N06 001.LMD
CLL/a6527c0a622c46dc509fa2f895d3b8ba77af5d9d-3 CLL 9F 01 N10 001.LMD
CLL/cb51b166aff6635d4b1512690ed5112302685025-3 CLL 9F 01 N11 001.LMD
CLL/dcc7f46bc5d79bb63ddb4f5c4f58760e9912a7d9-3 CLL 9F 01 N14 001.LMD
CLL/0bac1b22411e7a87d6ca771bf7e838f47a2b40e9-3 CLL 9F 01 N12 001.LMD
CLL/ae29689edcf96a2454926bec84748e8dd7462da1-3 CLL 9F 01 N13 001.LMD
CLL/ac1cba405fae34e7b51eb114d47d44d9d26e9b65-4 CLL 9F 01 N10 001.LMD
CLL/7c33cc2b79cc73fc93baddcd06d7fca247daf364-3 CLL 9F 01 N12 001.LMD
CLL/1c3daf065a846354a805ff40599566b37639e1e9-4 CLL 9F 01 001.LMD
CLL/7b8f8ba5911870099375dbdfd1086bb5f1bbad14-4 CLL 9F 01 N08 001.LMD
CLL/2bca4267a70305f39f1dd7df5c477a1f0a831797-3 CLL 9F 01 N10 001.LMD
CLL/29559c8d58fc919263f4f72d98b730161ba2d441-2 CLL 9F 01 N05 001.LMD
CLL/f6a88e02e7d97509a8e5548608b9247c7791019c-3 CLL 9F 01 N07 001.LMD
CLL/34c5b4bc7fd3347fe7c1ebb3842d4582417da101-3 CLL 9F 01 N06 001.LMD
CLL/10e55213961b1118ce715c1b67660ea3b4cb160e-3 CLL 9F 01 N13 001.LMD
CLL/69d8620da028f6b1556ae0bf3a57c1bfac00f8de-4 CLL 9F 01 N03 001.LMD
CLL/e741e4eb3991f00af3a9f317a8706e6c769f0a40-4 CLL 9F 01 N15 001.LMD
CLL/9f6378d147d1c826263c5d16469d83f12d7e37b9-4 CLL 9F 01 N09 001.LMD
CLL/2de5d606940d01255d7d338a186660e00f9f7493-4 CLL 9F 01 N09 001.LMD
CLL/c31984295882b3e262d032b84f1ff59c6d485bba-3 CLL 9F 01 N13 001.LMD
CLL/21a5243ef37990d5557e3279a4ba6da40acec746-3 CLL 9F 01 N11 001.LMD
CLL/96e2b5df87052c77e591fe85ef1a1ef5d8802dbd-3 CLL 9F 01 N12 001.LMD
CLL/7ff5efd9db665f422ebbd4f5ec8100f2765e7c5a-3 CLL 9F 01 N03 001.LMD
CLL/7ff5efd9db665f422ebbd4f5ec8100f2765e7c5a-3 CLL 9F 01 N10 001.LMD
CLL/80351baa04376db98e6248177361d1fb76f2041c-4 CLL 9F 01 N10 001.LMD
CLL/923675dfcfba359cd87d63e736e18e7f23eadb21-4 CLL 9F 01 N06 001.LMD
CLL/efbd7b4bb60964d9637ae610ca9b99f8fcea0e26-1 CLL 9F 01 N10 001.LMD
CLL/134851fbd04957a55add407b309269b11c22eda3-3 CLL 9F 01 N11 001.LMD
CLL/8bb62b41d8564bc0d6ba88d1b381896c1c6ff76f-3 CLL 9F 01 N11 001.LMD
CLL/6dc2d56252542c4b942ec3b5bef2a34de63bb5b5-3 CLL 9F 01 N07 001.LMD
CLL/4b704ef56e5667d2e7f797ce6dfd14eee3d72ad3-3 CLL 9F 01 N12 001.LMD
CLL/1a44c37c27484e8c98f134df0ca533a4cabb326d-3 CLL 9F 01 N14 001.LMD
CLL/d609af638c6ce6ee850d39a8f341f15d5648b693-4 CLL 9F 01 N14 001.LMD
CLL/d609af638c6ce6ee850d39a8f341f15d5648b693-KM Sa CLL 9F 01 N16 001.LMD
CLL/d609af638c6ce6ee850d39a8f341f15d5648b693-KM Sa CLL 9F 01 N16 001.LMD
CLL/a5645cf13498915e052d1c428607b1fdc8acefb5-4 CLL 9F 01 N17 001.LMD
CLL/a4c971bbf669ad283a1e2395513f319af28a8d4e-3 CLL 9F 01 N05 001.LMD
CLL/1add0c5890b17e035858f4d599f579772015a4eb-PB CLL 9F 01 N10 001.LMD
CLL/074991ca3a1e64cf4a9408b05cd2c3724f434f25-4 CLL 9F 01 N04 001.LMD
CLL/ebb1e5180f20291b65f94d394e2f275a36d0b5c7-PB CLL 9F 01 N06 001.LMD
CLL/fef94877b67a6f1d9f43a8dfddb6be94c2f7ef3e-4 CLL 9F 01 N07 001.LMD
CLL/0d4e33aa06c3ff8cb2082602ca7caf05bc0e4be2-3 CLL 9F 01 N10 001.LMD
CLL/f712094461e89021dbd21b66f7d22e81a176a4ef-3 CLL 9F 01 N06 001.LMD
CLL/fd0c963df4b7902eb23ecd562ca86433e38f4882-2 CLL 9F 01 N03 001.LMD
CLL/e24d4306adaf9f9d345f93a481c7d1370ddd5cc5-4 CLL 9F 01 N09 001.LMD
CLL/130f8211daf189541a5b9cbd5df81cd44f6f83e6-3 CLL 9F 01 N11 001.LMD
CLL/8b24dffbcbfe3ee086f64344efc7ddee30ef1843-4 CLL 9F 01 N16 001.LMD
normal/6cca229bae72096d748ecf6c25076a56efd2c2d8-3 CLL 9F 01 N08 001.LMD
normal/c6662f2a59db75a4c64afb474aa1e6bc0d0b1789-4 CLL 9F 01 N03 001.LMD
normal/cfcb2c49b25237bd82debe5aad46f983edf0db60-3 CLL 9F 01 N07 001.LMD
normal/1165b500edd4bf3e568622411186019819c0f35b-2 CLL 9F 01 001.LMD
normal/a0f381cd2f2f776c8ec769b46c0aed4891620eda-2 CLL 9F 01 N06 001.LMD
normal/e35fd0bb54021f5cfe4b8f20eab9d39aa162926b-4 CLL 9F 01 N09 001.LMD
normal/a0aece0d0d9b8449554c0d1c9c54a5fb9b153e12-3 CLL 9F 01 N07 001.LMD
normal/5171e7f561989475dcaf2a5c921cdf540a0bb689-2 CLL 9F 01 N12 001.LMD
normal/b21cb8639f0ff4a500d46631b242fcafb0d4eed6-1 CLL 9F 01 N08 001.LMD
normal/b21cb8639f0ff4a500d46631b242fcafb0d4eed6-KM Heparin CLL 9F 01 N11 001.LMD
normal/03c474efca46c83a869e175c4551f4509bdad058-3 CLL 9F 01 N11 001.LMD
normal/6759795bb96dfe6b03436794e9bf853e31ece6b7-2 CLL 9F 01 N15 001.LMD
normal/21df6b565090c031ba7f8f12ca705eeb1ba1037d-3 CLL 9F 01 N05 001.LMD
normal/8c059574a84221f683f16d5d7766b1c0dd156a0b-4 CLL 9F 01 N07 001.LMD
normal/6907e016f1b7b85cb4ed1042ea5d1d34babb6b07-3 CLL 9F 01 001.LMD
normal/0624b1347aa09af8000eedad475a318030ead6f1-KM CLL 9F 01 N13 001.LMD
normal/868950d18ce813e62d690916b562e5e066fed52c-2 CLL 9F 01 N14 001.LMD
normal/ade13839d15ea63e853f6b96bd4dd46d75b46d62-3 CLL 9F 01 N11 001.LMD
normal/a9792aab188f7f49efa01d9326f7eb3572c4c6f3-2 CLL 9F 01 001.LMD
normal/0ad5621cf15d7e5a9a78e1a8ce04657204fecb21-3 CLL 9F 01 001.LMD
normal/555583351e851af3ef6c4c6a63a41ddefb843c39-3 CLL 9F 01 001.LMD
normal/7aad8ca8ac7ffe3c8c107f9956c1f2510a7b7c98-2 CLL 9F 01 N11 001.LMD
normal/b588c96b09a5900675f0ddaab4b8c1db147127a1-3 CLL 9F 01 N05 001.LMD
normal/12eed4c6be02ca92642b55787cf14e729aeb92d6-3 CLL 9F 01 N05 001.LMD
normal/4ae8651e09bc757c41d488e2086ff38394cbb39f-3 CLL 9F 01 N05 001.LMD
normal/d3f61e1c52a4c4f49308dbb287f023d40a0a6f48-PB CLL 9F 01 N07 001.LMD
normal/d3f61e1c52a4c4f49308dbb287f023d40a0a6f48-3 CLL 9F 01 N03 001.LMD
normal/bb6c11e0132d098e0848121bad0a872ebca1771e-3 CLL 9F 01 N06 001.LMD
normal/5493258a2b70084558eb9ed3c554556a3fa5af57-1 CLL 9F 01 N05 001.LMD
normal/c7a1d96649ede3b84d401e8eccffaced1b0ac11a-4 CLL 9F 01 N05 001.LMD
normal/055ded1e8329b3735c90c987e68df2a6b5c120e2-3 CLL 9F 01 N07 001.LMD
normal/ac7486c7137f2ce0cec775af302b7340a2f7b644-2 CLL 9F 01 N12 001.LMD
normal/e974f462126fa29bcb82adba16b55a6f96029d40-2 CLL 9F 01 N08 001.LMD
normal/25e9502c2214e3964e3caa1f2b0a89e0b2efaf5f-4 CLL 9F 01 N06 001.LMD
normal/631810dca391c655a00b0ccfefc0a9edbf1789e9-4 CLL 9F 01 N13 001.LMD
normal/d30c7dec0563545b986878762687b6d65f447271-2 CLL 9F 01 N15 001.LMD
normal/9cde8dde225273fa42664f5728ba3d796509fa3e-2 CLL 9F 01 N12 001.LMD
normal/eed055de8d6cbfe4fa3b64ede3fb18851f15ce2d-2 CLL 9F 01 N13 001.LMD
normal/f7a8ace183f3ce3ecbeb15f099d162ce126a1eed-3 CLL 9F 01 N13 001.LMD
normal/9633bea30eae65c87597ef52d739db91547a6be5-4 CLL 9F 01 001.LMD
normal/806ac6c989e231cbaed3bc868ff90ef597d409a3-3 CLL 9F 01 001.LMD
normal/bf2538561a6d4d5dde228a61a599f5d8cc1f6d74-2 CLL 9F 01 N03 001.LMD
normal/98824d7b43567cd15c2177c9947e8e6e286cc721-4 CLL 9F 01 N10 001.LMD
normal/bb82f3f38321a80d725dd820bafcd08ba1320d98-3 CLL 9F 01 N03 001.LMD
normal/c959b1cb34c1e5c60cbb5c0197a62b97d46a690b-3 CLL 9F 01 N04 001.LMD
normal/821a9a2e5c89147a65d1ff81d7d23a8b3e38b722-4 CLL 9F 01 001.LMD
normal/031b5d70e0551d9ff06c86d5c61f05c19afeac6d-2 CLL 9F 01 N10 001.LMD
normal/bc3f092b38c4ca000a6539e4a3cfd4392d72de97-3 CLL 9F 01 N10 001.LMD
normal/53d1352a93e4321f2edb940cbed9dd28265eb8fe-3 CLL 9F 01 N03 001.LMD
normal/53d1352a93e4321f2edb940cbed9dd28265eb8fe-3 CLL 9F 01 N03 001.LMD
normal/41d56a4e64e3334ac31859a489cf6d01768ba0b4-2 CLL 9F 01 N07 001.LMD
normal/3302607246fd27fcf8b7bd1d40a2b68edbe23d4c-3 CLL 9F 01 N09 001.LMD
normal/0ca988272e8f10c55e40ac557a3b68187f1b7426-1 CLL 9F 01 001.LMD
normal/629f665b63781664b4ea1e8ed53ee91194b928b9-2 CLL 9F 01 N09 001.LMD
normal/14070dbf39e26d398e7c854e014707ca80a1f8a1-3 CLL 9F 01 N06 001.LMD
normal/d7eacc60614e612ee1e9f90be92a193dffecdbf7-4 CLL 9F 01 N08 001.LMD
normal/832e281368e717b15253c337be2d3490b92949ef-4 CLL 9F 01 N08 001.LMD
normal/75248d6254e71965cad945eea49661b9af18d47c-3 CLL 9F 01 N06 001.LMD
normal/b7529b76ac1a92c850ba40cade59b11e8d65c58b-3 CLL 9F 01 N07 001.LMD
normal/9cf0281d289c6bf8f036ab7f32f721f609ed693c-2 CLL 9F 01 N13 001.LMD
normal/83420dcfef583470c61ff4b1a464648b7ccfc9af-3 CLL 9F 01 N11 001.LMD
normal/1b857a6d8383fa049da380af2a58990a44ad8046-1 CLL 9F 01 N12 001.LMD
normal/5a7a5f8e3dbe85db8f039eb9ccf104fb1a7eb6cb-1 CLL 9F 01 N15 001.LMD
normal/055696e961bfc6d7362d94806305efcc14b9cafa-3 CLL 9F 01 N07 001.LMD
normal/a129b01510477706cc2402176c40df803150f582-2 CLL 9F 01 N07 001.LMD
normal/9a6c1cf56796940497419991c706a3f28563baa3-PB CLL 9F 01 N13 001.LMD
normal/ba48a958a4840431894e0384ce17a572ba1ce357-3 CLL 9F 01 N16 001.LMD
normal/2ddeafeeb46e7390ab581ed0ecc38e335c36fea3-3 CLL 9F 01 N14 001.LMD
normal/752c48a70a393e937fc2b3f386dfddc12a31090f-4 CLL 9F 01 001.LMD
normal/680744d748059c9369d80d542b979560d089ae17-2 CLL 9F 01 001.LMD
normal/30eeb6a0c34e4e46547323e2173be10a74a32eec-4 CLL 9F 01 001.LMD
normal/5f76ae21bff9bdb6a6887ff7907e4414e0a2e95c-3 CLL 9F 01 N03 001.LMD
normal/b50d5217debc71d4de0f2b08a5be31dace01f12d-2 CLL 9F 01 N16 001.LMD
normal/20324b484566e1e06b56406b03ee44086f090221-2 CLL 9F 01 N16 001.LMD
normal/c34bdbb776a2c89cd081d2b4306a0f6d82a9c304-PB CLL 9F 01 N15 001.LMD
normal/d898e743f70fa7806d581a6917a6b9ea9c3939c3-3 CLL 9F 01 N08 001.LMD
normal/efd649577694efddcbefec25cbea1210c172fda5-3 CLL 9F 01 N13 001.LMD
normal/097b450b3f19df6cb598a85b7e74796e88002f3f-3 CLL 9F 01 N12 001.LMD
normal/a7e6152b869cd1c9b6dedf5a32fc6425b3b273c2-PB CLL 9F 01 N06 001.LMD
normal/f88c3be7b61acaf8f06624b5aecef3b9957ce7a6-3 CLL 9F 01 N05 001.LMD
normal/5659383dc39ae6c20be71e53c654b7535f847b93-1 CLL 9F 01 001.LMD
normal/8963e98c03ed06d8661b1110d8f538c3256a0f60-4 CLL 9F 01 N10 001.LMD
normal/1c1c534b8a1900a6ae43eee61ae3c0eb6e5e0810-2 CLL 9F 01 N05 001.LMD
normal/1055e09234e484676b2a69b3ef21f74ff5d34319-3 CLL 9F 01 N05 001.LMD
normal/d93ff623a6cc3820b02f70a54222d0c4fb7c585f-4 CLL 9F 01 N12 001.LMD
normal/b39905099b3b19d9440911c9637d927da9fef835-1 CLL 9F 01 001.LMD
normal/227103c5ff82b20c96e58a667b6bdd55c50bea10-4 CLL 9F 01 N16 001.LMD
normal/eae8870363e3abfda8489d97957c7d060e8f7199-4 CLL 9F 01 N04 001.LMD
normal/e68e59286105208b2c0d3567d5d70c7a1989d184-4 CLL 9F 01 N05 001.LMD
normal/29755f8fa3602e5056673d626a4ec883103a8cb6-1 CLL 9F 01 N03 001.LMD
normal/d70c401f0e346de1d682654d3e1bd5bf20ac0377-4 CLL 9F 01 N12 001.LMD
normal/db8420f92c4e1b44b7e2af53d1d802206d7d6354-3 CLL 9F 01 N13 001.LMD
normal/6d405dc04dbfbd84b932914c4d857405d5dfbfdf-3 CLL 9F 01 001.LMD
normal/a6c54f4bbae2a1d67692828dcdc5b1f020e6b422-3 CLL 9F 01 N10 001.LMD
normal/ea61bee21b70e39a744de91ac886241190ffff64-PB CLL 9F 01 N08 001.LMD
normal/0296f6bfcb90ae2d45fbe59e1084819ac78d6bc1-4 CLL 9F 01 N08 001.LMD
normal/c8677af5cba83700fa984a1441a8cbd611a1ddb7-3 CLL 9F 01 N08 001.LMD
normal/dc79bdfd8b5d641e917a9341d74d3b1fd4b49ade-4 CLL 9F 01 N08 001.LMD
normal/df299a5e4d1e922fb7f67dd28f13347c915c24fd-2 CLL 9F 01 N08 001.LMD
normal/434791ace6bc0986605421f8bbe3764231e296f4-KM CLL 9F 01 N11 001.LMD
normal/35884c3194ccf99d5a60c9912e0774e707f7194d-2 CLL 9F 01 N05 001.LMD
normal/7f2c5a87be2f4648e997b310b7b28edbf46a1506-3 CLL 9F 01 N08 001.LMD
normal/8fb77477beaae83faeb730027a124627a03140c7-3 CLL 9F 01 N12 001.LMD